<?xml version="1.0" encoding="UTF-8"?>
<testsuite name="FunctionalTest" time="5.218" tests="5" errors="0" skipped="0" failures="4">
  <properties>
[...]
</properties>
  <testcase name="manySendersWork" classname="FunctionalTest" time="1.125"/>
  <testcase name="checksSecondCall" classname="FunctionalTest" time="1.015">
    <failure message="expected:&lt;200&gt; but was:&lt;0&gt;" type="java.lang.AssertionError"><![CDATA[java.lang.AssertionError: expected:<200> but was:<0>
	at org.junit.Assert.fail(Assert.java:88)
	at org.junit.Assert.failNotEquals(Assert.java:834)
	at org.junit.Assert.assertEquals(Assert.java:645)
	at org.junit.Assert.assertEquals(Assert.java:631)
	at FunctionalTest.checksSecondCall(FunctionalTest.java:97)
]]></failure>
  </testcase>
  <testcase name="checksValidText" classname="FunctionalTest" time="1.032">
    <failure message="expected:&lt;200&gt; but was:&lt;0&gt;" type="java.lang.AssertionError"><![CDATA[java.lang.AssertionError: expected:<200> but was:<0>
	at org.junit.Assert.fail(Assert.java:88)
	at org.junit.Assert.failNotEquals(Assert.java:834)
	at org.junit.Assert.assertEquals(Assert.java:645)
	at org.junit.Assert.assertEquals(Assert.java:631)
	at FunctionalTest.checksValidText(FunctionalTest.java:60)
]]></failure>
  </testcase>
  <testcase name="oneSenderWorks" classname="FunctionalTest" time="1.015">
    <failure message="expected:&lt;200&gt; but was:&lt;0&gt;" type="java.lang.AssertionError"><![CDATA[java.lang.AssertionError: expected:<200> but was:<0>
	at org.junit.Assert.fail(Assert.java:88)
	at org.junit.Assert.failNotEquals(Assert.java:834)
	at org.junit.Assert.assertEquals(Assert.java:645)
	at org.junit.Assert.assertEquals(Assert.java:631)
	at FunctionalTest.oneSenderWorks(FunctionalTest.java:25)
]]></failure>
  </testcase>
  <testcase name="checksTimeout" classname="FunctionalTest" time="1.031">
    <failure message="expected:&lt;200&gt; but was:&lt;0&gt;" type="java.lang.AssertionError"><![CDATA[java.lang.AssertionError: expected:<200> but was:<0>
	at org.junit.Assert.fail(Assert.java:88)
	at org.junit.Assert.failNotEquals(Assert.java:834)
	at org.junit.Assert.assertEquals(Assert.java:645)
	at org.junit.Assert.assertEquals(Assert.java:631)
	at FunctionalTest.checksTimeout(FunctionalTest.java:81)
]]></failure>
  </testcase>
</testsuite>